\BOOKMARK [0][-]{chapter.1}{\376\377\000H\000i\000e\000r\000a\000r\000c\000h\000i\000c\000a\000l\000\040\000I\000n\000d\000e\000x}{}% 1
\BOOKMARK [1][-]{section.1.1}{\376\377\000C\000l\000a\000s\000s\000\040\000H\000i\000e\000r\000a\000r\000c\000h\000y}{chapter.1}% 2
\BOOKMARK [0][-]{chapter.2}{\376\377\000C\000l\000a\000s\000s\000\040\000I\000n\000d\000e\000x}{}% 3
\BOOKMARK [1][-]{section.2.1}{\376\377\000C\000l\000a\000s\000s\000\040\000L\000i\000s\000t}{chapter.2}% 4
\BOOKMARK [0][-]{chapter.3}{\376\377\000F\000i\000l\000e\000\040\000I\000n\000d\000e\000x}{}% 5
\BOOKMARK [1][-]{section.3.1}{\376\377\000F\000i\000l\000e\000\040\000L\000i\000s\000t}{chapter.3}% 6
\BOOKMARK [0][-]{chapter.4}{\376\377\000C\000l\000a\000s\000s\000\040\000D\000o\000c\000u\000m\000e\000n\000t\000a\000t\000i\000o\000n}{}% 7
\BOOKMARK [1][-]{section.4.1}{\376\377\000B\000a\000b\000y\000S\000p\000o\000n\000g\000e\000B\000o\000b\000\040\000C\000l\000a\000s\000s\000\040\000R\000e\000f\000e\000r\000e\000n\000c\000e}{chapter.4}% 8
\BOOKMARK [2][-]{subsection.4.1.1}{\376\377\000C\000o\000n\000s\000t\000r\000u\000c\000t\000o\000r\000\040\000\046\000\040\000D\000e\000s\000t\000r\000u\000c\000t\000o\000r\000\040\000D\000o\000c\000u\000m\000e\000n\000t\000a\000t\000i\000o\000n}{section.4.1}% 9
\BOOKMARK [3][-]{subsubsection.4.1.1.1}{\376\377\000B\000a\000b\000y\000S\000p\000o\000n\000g\000e\000B\000o\000b}{subsection.4.1.1}% 10
\BOOKMARK [2][-]{subsection.4.1.2}{\376\377\000M\000e\000m\000b\000e\000r\000\040\000F\000u\000n\000c\000t\000i\000o\000n\000\040\000D\000o\000c\000u\000m\000e\000n\000t\000a\000t\000i\000o\000n}{section.4.1}% 11
\BOOKMARK [3][-]{subsubsection.4.1.2.1}{\376\377\000u\000p\000d\000a\000t\000e}{subsection.4.1.2}% 12
\BOOKMARK [1][-]{section.4.2}{\376\377\000b\000a\000c\000t\000e\000r\000i\000a\000\040\000C\000l\000a\000s\000s\000\040\000R\000e\000f\000e\000r\000e\000n\000c\000e}{chapter.4}% 13
\BOOKMARK [2][-]{subsection.4.2.1}{\376\377\000D\000e\000t\000a\000i\000l\000e\000d\000\040\000D\000e\000s\000c\000r\000i\000p\000t\000i\000o\000n}{section.4.2}% 14
\BOOKMARK [2][-]{subsection.4.2.2}{\376\377\000C\000o\000n\000s\000t\000r\000u\000c\000t\000o\000r\000\040\000\046\000\040\000D\000e\000s\000t\000r\000u\000c\000t\000o\000r\000\040\000D\000o\000c\000u\000m\000e\000n\000t\000a\000t\000i\000o\000n}{section.4.2}% 15
\BOOKMARK [3][-]{subsubsection.4.2.2.1}{\376\377\000b\000a\000c\000t\000e\000r\000i\000a}{subsection.4.2.2}% 16
\BOOKMARK [2][-]{subsection.4.2.3}{\376\377\000M\000e\000m\000b\000e\000r\000\040\000F\000u\000n\000c\000t\000i\000o\000n\000\040\000D\000o\000c\000u\000m\000e\000n\000t\000a\000t\000i\000o\000n}{section.4.2}% 17
\BOOKMARK [3][-]{subsubsection.4.2.3.1}{\376\377\000u\000p\000d\000a\000t\000e}{subsection.4.2.3}% 18
\BOOKMARK [1][-]{section.4.3}{\376\377\000B\000o\000m\000b\000\040\000C\000l\000a\000s\000s\000\040\000R\000e\000f\000e\000r\000e\000n\000c\000e}{chapter.4}% 19
\BOOKMARK [2][-]{subsection.4.3.1}{\376\377\000C\000o\000n\000s\000t\000r\000u\000c\000t\000o\000r\000\040\000\046\000\040\000D\000e\000s\000t\000r\000u\000c\000t\000o\000r\000\040\000D\000o\000c\000u\000m\000e\000n\000t\000a\000t\000i\000o\000n}{section.4.3}% 20
\BOOKMARK [3][-]{subsubsection.4.3.1.1}{\376\377\000B\000o\000m\000b}{subsection.4.3.1}% 21
\BOOKMARK [2][-]{subsection.4.3.2}{\376\377\000M\000e\000m\000b\000e\000r\000\040\000F\000u\000n\000c\000t\000i\000o\000n\000\040\000D\000o\000c\000u\000m\000e\000n\000t\000a\000t\000i\000o\000n}{section.4.3}% 22
\BOOKMARK [3][-]{subsubsection.4.3.2.1}{\376\377\000u\000p\000d\000a\000t\000e}{subsection.4.3.2}% 23
\BOOKMARK [1][-]{section.4.4}{\376\377\000c\000h\000e\000a\000t\000\040\000C\000l\000a\000s\000s\000\040\000R\000e\000f\000e\000r\000e\000n\000c\000e}{chapter.4}% 24
\BOOKMARK [1][-]{section.4.5}{\376\377\000C\000l\000e\000a\000n\000l\000i\000n\000e\000s\000s\000M\000e\000t\000e\000r\000\040\000C\000l\000a\000s\000s\000\040\000R\000e\000f\000e\000r\000e\000n\000c\000e}{chapter.4}% 25
\BOOKMARK [1][-]{section.4.6}{\376\377\000D\000e\000s\000c\000r\000i\000p\000t\000i\000o\000n\000\040\000C\000l\000a\000s\000s\000\040\000R\000e\000f\000e\000r\000e\000n\000c\000e}{chapter.4}% 26
\BOOKMARK [1][-]{section.4.7}{\376\377\000E\000r\000r\000o\000r\000\040\000C\000l\000a\000s\000s\000\040\000R\000e\000f\000e\000r\000e\000n\000c\000e}{chapter.4}% 27
\BOOKMARK [1][-]{section.4.8}{\376\377\000f\000u\000n\000g\000u\000s\000\040\000C\000l\000a\000s\000s\000\040\000R\000e\000f\000e\000r\000e\000n\000c\000e}{chapter.4}% 28
\BOOKMARK [2][-]{subsection.4.8.1}{\376\377\000D\000e\000t\000a\000i\000l\000e\000d\000\040\000D\000e\000s\000c\000r\000i\000p\000t\000i\000o\000n}{section.4.8}% 29
\BOOKMARK [2][-]{subsection.4.8.2}{\376\377\000C\000o\000n\000s\000t\000r\000u\000c\000t\000o\000r\000\040\000\046\000\040\000D\000e\000s\000t\000r\000u\000c\000t\000o\000r\000\040\000D\000o\000c\000u\000m\000e\000n\000t\000a\000t\000i\000o\000n}{section.4.8}% 30
\BOOKMARK [3][-]{subsubsection.4.8.2.1}{\376\377\000f\000u\000n\000g\000u\000s}{subsection.4.8.2}% 31
\BOOKMARK [2][-]{subsection.4.8.3}{\376\377\000M\000e\000m\000b\000e\000r\000\040\000F\000u\000n\000c\000t\000i\000o\000n\000\040\000D\000o\000c\000u\000m\000e\000n\000t\000a\000t\000i\000o\000n}{section.4.8}% 32
\BOOKMARK [3][-]{subsubsection.4.8.3.1}{\376\377\000u\000p\000d\000a\000t\000e}{subsection.4.8.3}% 33
\BOOKMARK [1][-]{section.4.9}{\376\377\000G\000a\000m\000e\000\040\000C\000l\000a\000s\000s\000\040\000R\000e\000f\000e\000r\000e\000n\000c\000e}{chapter.4}% 34
\BOOKMARK [1][-]{section.4.10}{\376\377\000G\000a\000m\000e\0001\000\040\000C\000l\000a\000s\000s\000\040\000R\000e\000f\000e\000r\000e\000n\000c\000e}{chapter.4}% 35
\BOOKMARK [2][-]{subsection.4.10.1}{\376\377\000C\000o\000n\000s\000t\000r\000u\000c\000t\000o\000r\000\040\000\046\000\040\000D\000e\000s\000t\000r\000u\000c\000t\000o\000r\000\040\000D\000o\000c\000u\000m\000e\000n\000t\000a\000t\000i\000o\000n}{section.4.10}% 36
\BOOKMARK [3][-]{subsubsection.4.10.1.1}{\376\377\000G\000a\000m\000e\0001}{subsection.4.10.1}% 37
\BOOKMARK [1][-]{section.4.11}{\376\377\000g\000a\000m\000e\0001\000s\000c\000e\000n\000e\000\040\000C\000l\000a\000s\000s\000\040\000R\000e\000f\000e\000r\000e\000n\000c\000e}{chapter.4}% 38
\BOOKMARK [2][-]{subsection.4.11.1}{\376\377\000D\000e\000t\000a\000i\000l\000e\000d\000\040\000D\000e\000s\000c\000r\000i\000p\000t\000i\000o\000n}{section.4.11}% 39
\BOOKMARK [2][-]{subsection.4.11.2}{\376\377\000C\000o\000n\000s\000t\000r\000u\000c\000t\000o\000r\000\040\000\046\000\040\000D\000e\000s\000t\000r\000u\000c\000t\000o\000r\000\040\000D\000o\000c\000u\000m\000e\000n\000t\000a\000t\000i\000o\000n}{section.4.11}% 40
\BOOKMARK [3][-]{subsubsection.4.11.2.1}{\376\377\000g\000a\000m\000e\0001\000s\000c\000e\000n\000e}{subsection.4.11.2}% 41
\BOOKMARK [2][-]{subsection.4.11.3}{\376\377\000M\000e\000m\000b\000e\000r\000\040\000F\000u\000n\000c\000t\000i\000o\000n\000\040\000D\000o\000c\000u\000m\000e\000n\000t\000a\000t\000i\000o\000n}{section.4.11}% 42
\BOOKMARK [3][-]{subsubsection.4.11.3.1}{\376\377\000a\000d\000d\000b\000a\000c\000t\000e\000r\000i\000a}{subsection.4.11.3}% 43
\BOOKMARK [3][-]{subsubsection.4.11.3.2}{\376\377\000a\000d\000d\000f\000u\000n\000g\000u\000s}{subsection.4.11.3}% 44
\BOOKMARK [3][-]{subsubsection.4.11.3.3}{\376\377\000a\000d\000d\000h\000u\000I\000t\000e\000m\000s}{subsection.4.11.3}% 45
\BOOKMARK [3][-]{subsubsection.4.11.3.4}{\376\377\000a\000d\000d\000v\000i\000r\000u\000s}{subsection.4.11.3}% 46
\BOOKMARK [3][-]{subsubsection.4.11.3.5}{\376\377\000C\000l\000o\000s\000e\000V\000i\000e\000w}{subsection.4.11.3}% 47
\BOOKMARK [3][-]{subsubsection.4.11.3.6}{\376\377\000G\000a\000m\000e\000O\000v\000e\000r}{subsection.4.11.3}% 48
\BOOKMARK [3][-]{subsubsection.4.11.3.7}{\376\377\000k\000e\000y\000R\000e\000l\000e\000a\000s\000e\000E\000v\000e\000n\000t}{subsection.4.11.3}% 49
\BOOKMARK [3][-]{subsubsection.4.11.3.8}{\376\377\000P\000a\000u\000s\000e\000G\000a\000m\000e}{subsection.4.11.3}% 50
\BOOKMARK [3][-]{subsubsection.4.11.3.9}{\376\377\000W\000o\000n\000G\000a\000m\000e}{subsection.4.11.3}% 51
\BOOKMARK [1][-]{section.4.12}{\376\377\000G\000a\000m\000e\0002\000\040\000C\000l\000a\000s\000s\000\040\000R\000e\000f\000e\000r\000e\000n\000c\000e}{chapter.4}% 52
\BOOKMARK [1][-]{section.4.13}{\376\377\000G\000a\000m\000e\0002\000S\000c\000e\000n\000e\000\040\000C\000l\000a\000s\000s\000\040\000R\000e\000f\000e\000r\000e\000n\000c\000e}{chapter.4}% 53
\BOOKMARK [2][-]{subsection.4.13.1}{\376\377\000D\000e\000t\000a\000i\000l\000e\000d\000\040\000D\000e\000s\000c\000r\000i\000p\000t\000i\000o\000n}{section.4.13}% 54
\BOOKMARK [2][-]{subsection.4.13.2}{\376\377\000C\000o\000n\000s\000t\000r\000u\000c\000t\000o\000r\000\040\000\046\000\040\000D\000e\000s\000t\000r\000u\000c\000t\000o\000r\000\040\000D\000o\000c\000u\000m\000e\000n\000t\000a\000t\000i\000o\000n}{section.4.13}% 55
\BOOKMARK [3][-]{subsubsection.4.13.2.1}{\376\377\000G\000a\000m\000e\0002\000S\000c\000e\000n\000e}{subsection.4.13.2}% 56
\BOOKMARK [2][-]{subsection.4.13.3}{\376\377\000M\000e\000m\000b\000e\000r\000\040\000F\000u\000n\000c\000t\000i\000o\000n\000\040\000D\000o\000c\000u\000m\000e\000n\000t\000a\000t\000i\000o\000n}{section.4.13}% 57
\BOOKMARK [3][-]{subsubsection.4.13.3.1}{\376\377\000a\000d\000d\000h\000u\000I\000t\000e\000m\000s}{subsection.4.13.3}% 58
\BOOKMARK [3][-]{subsubsection.4.13.3.2}{\376\377\000k\000e\000y\000R\000e\000l\000e\000a\000s\000e\000E\000v\000e\000n\000t}{subsection.4.13.3}% 59
\BOOKMARK [3][-]{subsubsection.4.13.3.3}{\376\377\000m\000o\000u\000s\000e\000R\000e\000l\000e\000a\000s\000e\000E\000v\000e\000n\000t}{subsection.4.13.3}% 60
\BOOKMARK [3][-]{subsubsection.4.13.3.4}{\376\377\000P\000a\000u\000s\000e\000G\000a\000m\000e}{subsection.4.13.3}% 61
\BOOKMARK [3][-]{subsubsection.4.13.3.5}{\376\377\000W\000o\000n\000G\000a\000m\000e}{subsection.4.13.3}% 62
\BOOKMARK [1][-]{section.4.14}{\376\377\000G\000a\000m\000e\000m\000e\000n\000u\000\040\000C\000l\000a\000s\000s\000\040\000R\000e\000f\000e\000r\000e\000n\000c\000e}{chapter.4}% 63
\BOOKMARK [1][-]{section.4.15}{\376\377\000G\000a\000m\000e\000V\000i\000e\000w\000\040\000C\000l\000a\000s\000s\000\040\000R\000e\000f\000e\000r\000e\000n\000c\000e}{chapter.4}% 64
\BOOKMARK [1][-]{section.4.16}{\376\377\000G\000r\000a\000b\000b\000a\000b\000l\000e\000\040\000C\000l\000a\000s\000s\000\040\000R\000e\000f\000e\000r\000e\000n\000c\000e}{chapter.4}% 65
\BOOKMARK [2][-]{subsection.4.16.1}{\376\377\000M\000e\000m\000b\000e\000r\000\040\000F\000u\000n\000c\000t\000i\000o\000n\000\040\000D\000o\000c\000u\000m\000e\000n\000t\000a\000t\000i\000o\000n}{section.4.16}% 66
\BOOKMARK [3][-]{subsubsection.4.16.1.1}{\376\377\000r\000e\000a\000c\000h\000e\000d\000B\000a\000b\000y}{subsection.4.16.1}% 67
\BOOKMARK [3][-]{subsubsection.4.16.1.2}{\376\377\000w\000a\000s\000G\000r\000a\000b\000b\000e\000d}{subsection.4.16.1}% 68
\BOOKMARK [3][-]{subsubsection.4.16.1.3}{\376\377\000w\000a\000s\000S\000h\000o\000t}{subsection.4.16.1}% 69
\BOOKMARK [1][-]{section.4.17}{\376\377\000H\000e\000a\000d\000e\000r\000\040\000C\000l\000a\000s\000s\000\040\000R\000e\000f\000e\000r\000e\000n\000c\000e}{chapter.4}% 70
\BOOKMARK [2][-]{subsection.4.17.1}{\376\377\000C\000o\000n\000s\000t\000r\000u\000c\000t\000o\000r\000\040\000\046\000\040\000D\000e\000s\000t\000r\000u\000c\000t\000o\000r\000\040\000D\000o\000c\000u\000m\000e\000n\000t\000a\000t\000i\000o\000n}{section.4.17}% 71
\BOOKMARK [3][-]{subsubsection.4.17.1.1}{\376\377\000H\000e\000a\000d\000e\000r}{subsection.4.17.1}% 72
\BOOKMARK [2][-]{subsection.4.17.2}{\376\377\000M\000e\000m\000b\000e\000r\000\040\000F\000u\000n\000c\000t\000i\000o\000n\000\040\000D\000o\000c\000u\000m\000e\000n\000t\000a\000t\000i\000o\000n}{section.4.17}% 73
\BOOKMARK [3][-]{subsubsection.4.17.2.1}{\376\377\000A\000d\000d\000B\000o\000m\000b\000s}{subsection.4.17.2}% 74
\BOOKMARK [3][-]{subsubsection.4.17.2.2}{\376\377\000A\000d\000d\000C\000l\000e\000a\000n\000l\000M\000e\000t\000e\000r}{subsection.4.17.2}% 75
\BOOKMARK [3][-]{subsubsection.4.17.2.3}{\376\377\000A\000d\000d\000N\000e\000e\000d\000l\000e}{subsection.4.17.2}% 76
\BOOKMARK [3][-]{subsubsection.4.17.2.4}{\376\377\000R\000e\000n\000d\000e\000r}{subsection.4.17.2}% 77
\BOOKMARK [3][-]{subsubsection.4.17.2.5}{\376\377\000S\000e\000t\000C\000l\000e\000a\000n\000l\000i\000n\000e\000s\000s}{subsection.4.17.2}% 78
\BOOKMARK [3][-]{subsubsection.4.17.2.6}{\376\377\000S\000e\000t\000I\000m\000m\000u\000n\000i\000t\000y}{subsection.4.17.2}% 79
\BOOKMARK [3][-]{subsubsection.4.17.2.7}{\376\377\000S\000e\000t\000S\000c\000o\000r\000e}{subsection.4.17.2}% 80
\BOOKMARK [1][-]{section.4.18}{\376\377\000H\000i\000s\000t\000o\000r\000y\000\040\000C\000l\000a\000s\000s\000\040\000R\000e\000f\000e\000r\000e\000n\000c\000e}{chapter.4}% 81
\BOOKMARK [2][-]{subsection.4.18.1}{\376\377\000C\000o\000n\000s\000t\000r\000u\000c\000t\000o\000r\000\040\000\046\000\040\000D\000e\000s\000t\000r\000u\000c\000t\000o\000r\000\040\000D\000o\000c\000u\000m\000e\000n\000t\000a\000t\000i\000o\000n}{section.4.18}% 82
\BOOKMARK [3][-]{subsubsection.4.18.1.1}{\376\377\000H\000i\000s\000t\000o\000r\000y}{subsection.4.18.1}% 83
\BOOKMARK [1][-]{section.4.19}{\376\377\000H\000o\000m\000e\000\040\000C\000l\000a\000s\000s\000\040\000R\000e\000f\000e\000r\000e\000n\000c\000e}{chapter.4}% 84
\BOOKMARK [2][-]{subsection.4.19.1}{\376\377\000C\000o\000n\000s\000t\000r\000u\000c\000t\000o\000r\000\040\000\046\000\040\000D\000e\000s\000t\000r\000u\000c\000t\000o\000r\000\040\000D\000o\000c\000u\000m\000e\000n\000t\000a\000t\000i\000o\000n}{section.4.19}% 85
\BOOKMARK [3][-]{subsubsection.4.19.1.1}{\376\377\000H\000o\000m\000e}{subsection.4.19.1}% 86
\BOOKMARK [1][-]{section.4.20}{\376\377\000H\000o\000o\000k\000\040\000C\000l\000a\000s\000s\000\040\000R\000e\000f\000e\000r\000e\000n\000c\000e}{chapter.4}% 87
\BOOKMARK [2][-]{subsection.4.20.1}{\376\377\000C\000o\000n\000s\000t\000r\000u\000c\000t\000o\000r\000\040\000\046\000\040\000D\000e\000s\000t\000r\000u\000c\000t\000o\000r\000\040\000D\000o\000c\000u\000m\000e\000n\000t\000a\000t\000i\000o\000n}{section.4.20}% 88
\BOOKMARK [3][-]{subsubsection.4.20.1.1}{\376\377\000H\000o\000o\000k}{subsection.4.20.1}% 89
\BOOKMARK [2][-]{subsection.4.20.2}{\376\377\000M\000e\000m\000b\000e\000r\000\040\000F\000u\000n\000c\000t\000i\000o\000n\000\040\000D\000o\000c\000u\000m\000e\000n\000t\000a\000t\000i\000o\000n}{section.4.20}% 90
\BOOKMARK [3][-]{subsubsection.4.20.2.1}{\376\377\000u\000p\000d\000a\000t\000e}{subsection.4.20.2}% 91
\BOOKMARK [1][-]{section.4.21}{\376\377\000h\000u\000I\000t\000e\000m\000\040\000C\000l\000a\000s\000s\000\040\000R\000e\000f\000e\000r\000e\000n\000c\000e}{chapter.4}% 92
\BOOKMARK [2][-]{subsection.4.21.1}{\376\377\000D\000e\000t\000a\000i\000l\000e\000d\000\040\000D\000e\000s\000c\000r\000i\000p\000t\000i\000o\000n}{section.4.21}% 93
\BOOKMARK [2][-]{subsection.4.21.2}{\376\377\000M\000e\000m\000b\000e\000r\000\040\000F\000u\000n\000c\000t\000i\000o\000n\000\040\000D\000o\000c\000u\000m\000e\000n\000t\000a\000t\000i\000o\000n}{section.4.21}% 94
\BOOKMARK [3][-]{subsubsection.4.21.2.1}{\376\377\000u\000p\000d\000a\000t\000e}{subsection.4.21.2}% 95
\BOOKMARK [1][-]{section.4.22}{\376\377\000L\000a\000s\000e\000r\000\040\000C\000l\000a\000s\000s\000\040\000R\000e\000f\000e\000r\000e\000n\000c\000e}{chapter.4}% 96
\BOOKMARK [2][-]{subsection.4.22.1}{\376\377\000M\000e\000m\000b\000e\000r\000\040\000F\000u\000n\000c\000t\000i\000o\000n\000\040\000D\000o\000c\000u\000m\000e\000n\000t\000a\000t\000i\000o\000n}{section.4.22}% 97
\BOOKMARK [3][-]{subsubsection.4.22.1.1}{\376\377\000u\000p\000d\000a\000t\000e}{subsection.4.22.1}% 98
\BOOKMARK [1][-]{section.4.23}{\376\377\000P\000a\000u\000s\000e\000\040\000C\000l\000a\000s\000s\000\040\000R\000e\000f\000e\000r\000e\000n\000c\000e}{chapter.4}% 99
\BOOKMARK [1][-]{section.4.24}{\376\377\000S\000c\000o\000r\000e\000s\000\040\000C\000l\000a\000s\000s\000\040\000R\000e\000f\000e\000r\000e\000n\000c\000e}{chapter.4}% 100
\BOOKMARK [2][-]{subsection.4.24.1}{\376\377\000D\000e\000t\000a\000i\000l\000e\000d\000\040\000D\000e\000s\000c\000r\000i\000p\000t\000i\000o\000n}{section.4.24}% 101
\BOOKMARK [2][-]{subsection.4.24.2}{\376\377\000M\000e\000m\000b\000e\000r\000\040\000F\000u\000n\000c\000t\000i\000o\000n\000\040\000D\000o\000c\000u\000m\000e\000n\000t\000a\000t\000i\000o\000n}{section.4.24}% 102
\BOOKMARK [3][-]{subsubsection.4.24.2.1}{\376\377\000A\000d\000d\000S\000c\000o\000r\000e}{subsection.4.24.2}% 103
\BOOKMARK [3][-]{subsubsection.4.24.2.2}{\376\377\000G\000e\000t\000H\000i\000g\000h\000e\000s\000t\000S\000c\000o\000r\000e}{subsection.4.24.2}% 104
\BOOKMARK [3][-]{subsubsection.4.24.2.3}{\376\377\000G\000e\000t\000U\000s\000e\000r\000S\000c\000o\000r\000e\000s}{subsection.4.24.2}% 105
\BOOKMARK [1][-]{section.4.25}{\376\377\000S\000i\000g\000n\000I\000n\000\040\000C\000l\000a\000s\000s\000\040\000R\000e\000f\000e\000r\000e\000n\000c\000e}{chapter.4}% 106
\BOOKMARK [2][-]{subsection.4.25.1}{\376\377\000C\000o\000n\000s\000t\000r\000u\000c\000t\000o\000r\000\040\000\046\000\040\000D\000e\000s\000t\000r\000u\000c\000t\000o\000r\000\040\000D\000o\000c\000u\000m\000e\000n\000t\000a\000t\000i\000o\000n}{section.4.25}% 107
\BOOKMARK [3][-]{subsubsection.4.25.1.1}{\376\377\000S\000i\000g\000n\000I\000n}{subsection.4.25.1}% 108
\BOOKMARK [1][-]{section.4.26}{\376\377\000S\000i\000g\000n\000U\000p\000\040\000C\000l\000a\000s\000s\000\040\000R\000e\000f\000e\000r\000e\000n\000c\000e}{chapter.4}% 109
\BOOKMARK [2][-]{subsection.4.26.1}{\376\377\000C\000o\000n\000s\000t\000r\000u\000c\000t\000o\000r\000\040\000\046\000\040\000D\000e\000s\000t\000r\000u\000c\000t\000o\000r\000\040\000D\000o\000c\000u\000m\000e\000n\000t\000a\000t\000i\000o\000n}{section.4.26}% 110
\BOOKMARK [3][-]{subsubsection.4.26.1.1}{\376\377\000S\000i\000g\000n\000U\000p}{subsection.4.26.1}% 111
\BOOKMARK [1][-]{section.4.27}{\376\377\000S\000p\000o\000n\000g\000e\000B\000o\000b\000\040\000C\000l\000a\000s\000s\000\040\000R\000e\000f\000e\000r\000e\000n\000c\000e}{chapter.4}% 112
\BOOKMARK [2][-]{subsection.4.27.1}{\376\377\000D\000e\000t\000a\000i\000l\000e\000d\000\040\000D\000e\000s\000c\000r\000i\000p\000t\000i\000o\000n}{section.4.27}% 113
\BOOKMARK [2][-]{subsection.4.27.2}{\376\377\000C\000o\000n\000s\000t\000r\000u\000c\000t\000o\000r\000\040\000\046\000\040\000D\000e\000s\000t\000r\000u\000c\000t\000o\000r\000\040\000D\000o\000c\000u\000m\000e\000n\000t\000a\000t\000i\000o\000n}{section.4.27}% 114
\BOOKMARK [3][-]{subsubsection.4.27.2.1}{\376\377\000S\000p\000o\000n\000g\000e\000B\000o\000b}{subsection.4.27.2}% 115
\BOOKMARK [2][-]{subsection.4.27.3}{\376\377\000M\000e\000m\000b\000e\000r\000\040\000F\000u\000n\000c\000t\000i\000o\000n\000\040\000D\000o\000c\000u\000m\000e\000n\000t\000a\000t\000i\000o\000n}{section.4.27}% 116
\BOOKMARK [3][-]{subsubsection.4.27.3.1}{\376\377\000k\000e\000y\000P\000r\000e\000s\000s\000E\000v\000e\000n\000t}{subsection.4.27.3}% 117
\BOOKMARK [3][-]{subsubsection.4.27.3.2}{\376\377\000k\000e\000y\000R\000e\000l\000e\000a\000s\000e\000E\000v\000e\000n\000t}{subsection.4.27.3}% 118
\BOOKMARK [3][-]{subsubsection.4.27.3.3}{\376\377\000t\000o\000g\000g\000l\000e\000F\000o\000l\000l\000o\000w}{subsection.4.27.3}% 119
\BOOKMARK [1][-]{section.4.28}{\376\377\000U\000s\000e\000r\000\040\000C\000l\000a\000s\000s\000\040\000R\000e\000f\000e\000r\000e\000n\000c\000e}{chapter.4}% 120
\BOOKMARK [2][-]{subsection.4.28.1}{\376\377\000C\000o\000n\000s\000t\000r\000u\000c\000t\000o\000r\000\040\000\046\000\040\000D\000e\000s\000t\000r\000u\000c\000t\000o\000r\000\040\000D\000o\000c\000u\000m\000e\000n\000t\000a\000t\000i\000o\000n}{section.4.28}% 121
\BOOKMARK [3][-]{subsubsection.4.28.1.1}{\376\377\000U\000s\000e\000r}{subsection.4.28.1}% 122
\BOOKMARK [2][-]{subsection.4.28.2}{\376\377\000M\000e\000m\000b\000e\000r\000\040\000F\000u\000n\000c\000t\000i\000o\000n\000\040\000D\000o\000c\000u\000m\000e\000n\000t\000a\000t\000i\000o\000n}{section.4.28}% 123
\BOOKMARK [3][-]{subsubsection.4.28.2.1}{\376\377\000A\000d\000d\000U\000s\000e\000r}{subsection.4.28.2}% 124
\BOOKMARK [3][-]{subsubsection.4.28.2.2}{\376\377\000G\000e\000t\000U\000s\000e\000r}{subsection.4.28.2}% 125
\BOOKMARK [3][-]{subsubsection.4.28.2.3}{\376\377\000J\000s\000o\000n\000T\000o\000U\000s\000e\000r}{subsection.4.28.2}% 126
\BOOKMARK [3][-]{subsubsection.4.28.2.4}{\376\377\000P\000a\000u\000s\000e\000G\000a\000m\000e\000F\000o\000r\000U\000s\000e\000r}{subsection.4.28.2}% 127
\BOOKMARK [3][-]{subsubsection.4.28.2.5}{\376\377\000R\000e\000s\000u\000m\000e\000G\000a\000m\000e\000F\000o\000r\000U\000s\000e\000r}{subsection.4.28.2}% 128
\BOOKMARK [3][-]{subsubsection.4.28.2.6}{\376\377\000U\000p\000g\000r\000a\000d\000e\000U\000s\000e\000r\000T\000o\000L\000e\000v\000e\000l}{subsection.4.28.2}% 129
\BOOKMARK [3][-]{subsubsection.4.28.2.7}{\376\377\000U\000s\000e\000r\000T\000o\000J\000s\000o\000n}{subsection.4.28.2}% 130
\BOOKMARK [1][-]{section.4.29}{\376\377\000v\000i\000r\000u\000s\000\040\000C\000l\000a\000s\000s\000\040\000R\000e\000f\000e\000r\000e\000n\000c\000e}{chapter.4}% 131
\BOOKMARK [2][-]{subsection.4.29.1}{\376\377\000D\000e\000t\000a\000i\000l\000e\000d\000\040\000D\000e\000s\000c\000r\000i\000p\000t\000i\000o\000n}{section.4.29}% 132
\BOOKMARK [2][-]{subsection.4.29.2}{\376\377\000C\000o\000n\000s\000t\000r\000u\000c\000t\000o\000r\000\040\000\046\000\040\000D\000e\000s\000t\000r\000u\000c\000t\000o\000r\000\040\000D\000o\000c\000u\000m\000e\000n\000t\000a\000t\000i\000o\000n}{section.4.29}% 133
\BOOKMARK [3][-]{subsubsection.4.29.2.1}{\376\377\000v\000i\000r\000u\000s}{subsection.4.29.2}% 134
\BOOKMARK [2][-]{subsection.4.29.3}{\376\377\000M\000e\000m\000b\000e\000r\000\040\000F\000u\000n\000c\000t\000i\000o\000n\000\040\000D\000o\000c\000u\000m\000e\000n\000t\000a\000t\000i\000o\000n}{section.4.29}% 135
\BOOKMARK [3][-]{subsubsection.4.29.3.1}{\376\377\000u\000p\000d\000a\000t\000e}{subsection.4.29.3}% 136
\BOOKMARK [1][-]{section.4.30}{\376\377\000W\000e\000a\000p\000o\000n\000\040\000C\000l\000a\000s\000s\000\040\000R\000e\000f\000e\000r\000e\000n\000c\000e}{chapter.4}% 137
\BOOKMARK [1][-]{section.4.31}{\376\377\000W\000e\000l\000c\000o\000m\000e\000\040\000C\000l\000a\000s\000s\000\040\000R\000e\000f\000e\000r\000e\000n\000c\000e}{chapter.4}% 138
\BOOKMARK [0][-]{chapter.5}{\376\377\000F\000i\000l\000e\000\040\000D\000o\000c\000u\000m\000e\000n\000t\000a\000t\000i\000o\000n}{}% 139
\BOOKMARK [1][-]{section.5.1}{\376\377\000b\000a\000b\000y\000s\000p\000o\000n\000g\000e\000b\000o\000b\000.\000c\000p\000p\000\040\000F\000i\000l\000e\000\040\000R\000e\000f\000e\000r\000e\000n\000c\000e}{chapter.5}% 140
\BOOKMARK [2][-]{subsection.5.1.1}{\376\377\000D\000e\000t\000a\000i\000l\000e\000d\000\040\000D\000e\000s\000c\000r\000i\000p\000t\000i\000o\000n}{section.5.1}% 141
\BOOKMARK [1][-]{section.5.2}{\376\377\000b\000a\000c\000t\000e\000r\000i\000a\000.\000c\000p\000p\000\040\000F\000i\000l\000e\000\040\000R\000e\000f\000e\000r\000e\000n\000c\000e}{chapter.5}% 142
\BOOKMARK [2][-]{subsection.5.2.1}{\376\377\000D\000e\000t\000a\000i\000l\000e\000d\000\040\000D\000e\000s\000c\000r\000i\000p\000t\000i\000o\000n}{section.5.2}% 143
\BOOKMARK [1][-]{section.5.3}{\376\377\000b\000o\000m\000b\000.\000c\000p\000p\000\040\000F\000i\000l\000e\000\040\000R\000e\000f\000e\000r\000e\000n\000c\000e}{chapter.5}% 144
\BOOKMARK [2][-]{subsection.5.3.1}{\376\377\000D\000e\000t\000a\000i\000l\000e\000d\000\040\000D\000e\000s\000c\000r\000i\000p\000t\000i\000o\000n}{section.5.3}% 145
\BOOKMARK [1][-]{section.5.4}{\376\377\000c\000h\000e\000a\000t\000.\000c\000p\000p\000\040\000F\000i\000l\000e\000\040\000R\000e\000f\000e\000r\000e\000n\000c\000e}{chapter.5}% 146
\BOOKMARK [2][-]{subsection.5.4.1}{\376\377\000D\000e\000t\000a\000i\000l\000e\000d\000\040\000D\000e\000s\000c\000r\000i\000p\000t\000i\000o\000n}{section.5.4}% 147
\BOOKMARK [1][-]{section.5.5}{\376\377\000d\000e\000s\000c\000r\000i\000p\000t\000i\000o\000n\000.\000c\000p\000p\000\040\000F\000i\000l\000e\000\040\000R\000e\000f\000e\000r\000e\000n\000c\000e}{chapter.5}% 148
\BOOKMARK [2][-]{subsection.5.5.1}{\376\377\000D\000e\000t\000a\000i\000l\000e\000d\000\040\000D\000e\000s\000c\000r\000i\000p\000t\000i\000o\000n}{section.5.5}% 149
\BOOKMARK [1][-]{section.5.6}{\376\377\000e\000r\000r\000o\000r\000.\000c\000p\000p\000\040\000F\000i\000l\000e\000\040\000R\000e\000f\000e\000r\000e\000n\000c\000e}{chapter.5}% 150
\BOOKMARK [2][-]{subsection.5.6.1}{\376\377\000D\000e\000t\000a\000i\000l\000e\000d\000\040\000D\000e\000s\000c\000r\000i\000p\000t\000i\000o\000n}{section.5.6}% 151
\BOOKMARK [1][-]{section.5.7}{\376\377\000f\000u\000n\000g\000u\000s\000.\000c\000p\000p\000\040\000F\000i\000l\000e\000\040\000R\000e\000f\000e\000r\000e\000n\000c\000e}{chapter.5}% 152
\BOOKMARK [2][-]{subsection.5.7.1}{\376\377\000D\000e\000t\000a\000i\000l\000e\000d\000\040\000D\000e\000s\000c\000r\000i\000p\000t\000i\000o\000n}{section.5.7}% 153
\BOOKMARK [1][-]{section.5.8}{\376\377\000g\000a\000m\000e\0001\000.\000c\000p\000p\000\040\000F\000i\000l\000e\000\040\000R\000e\000f\000e\000r\000e\000n\000c\000e}{chapter.5}% 154
\BOOKMARK [2][-]{subsection.5.8.1}{\376\377\000D\000e\000t\000a\000i\000l\000e\000d\000\040\000D\000e\000s\000c\000r\000i\000p\000t\000i\000o\000n}{section.5.8}% 155
\BOOKMARK [1][-]{section.5.9}{\376\377\000g\000a\000m\000e\0001\000s\000c\000e\000n\000e\000.\000c\000p\000p\000\040\000F\000i\000l\000e\000\040\000R\000e\000f\000e\000r\000e\000n\000c\000e}{chapter.5}% 156
\BOOKMARK [2][-]{subsection.5.9.1}{\376\377\000D\000e\000t\000a\000i\000l\000e\000d\000\040\000D\000e\000s\000c\000r\000i\000p\000t\000i\000o\000n}{section.5.9}% 157
\BOOKMARK [1][-]{section.5.10}{\376\377\000g\000a\000m\000e\0002\000.\000c\000p\000p\000\040\000F\000i\000l\000e\000\040\000R\000e\000f\000e\000r\000e\000n\000c\000e}{chapter.5}% 158
\BOOKMARK [2][-]{subsection.5.10.1}{\376\377\000D\000e\000t\000a\000i\000l\000e\000d\000\040\000D\000e\000s\000c\000r\000i\000p\000t\000i\000o\000n}{section.5.10}% 159
\BOOKMARK [1][-]{section.5.11}{\376\377\000g\000a\000m\000e\000m\000e\000n\000u\000.\000c\000p\000p\000\040\000F\000i\000l\000e\000\040\000R\000e\000f\000e\000r\000e\000n\000c\000e}{chapter.5}% 160
\BOOKMARK [2][-]{subsection.5.11.1}{\376\377\000D\000e\000t\000a\000i\000l\000e\000d\000\040\000D\000e\000s\000c\000r\000i\000p\000t\000i\000o\000n}{section.5.11}% 161
\BOOKMARK [1][-]{section.5.12}{\376\377\000g\000a\000m\000e\000v\000i\000e\000w\000.\000c\000p\000p\000\040\000F\000i\000l\000e\000\040\000R\000e\000f\000e\000r\000e\000n\000c\000e}{chapter.5}% 162
\BOOKMARK [2][-]{subsection.5.12.1}{\376\377\000D\000e\000t\000a\000i\000l\000e\000d\000\040\000D\000e\000s\000c\000r\000i\000p\000t\000i\000o\000n}{section.5.12}% 163
\BOOKMARK [1][-]{section.5.13}{\376\377\000g\000r\000a\000b\000b\000a\000b\000l\000e\000.\000c\000p\000p\000\040\000F\000i\000l\000e\000\040\000R\000e\000f\000e\000r\000e\000n\000c\000e}{chapter.5}% 164
\BOOKMARK [2][-]{subsection.5.13.1}{\376\377\000D\000e\000t\000a\000i\000l\000e\000d\000\040\000D\000e\000s\000c\000r\000i\000p\000t\000i\000o\000n}{section.5.13}% 165
\BOOKMARK [1][-]{section.5.14}{\376\377\000h\000e\000a\000d\000e\000r\000.\000c\000p\000p\000\040\000F\000i\000l\000e\000\040\000R\000e\000f\000e\000r\000e\000n\000c\000e}{chapter.5}% 166
\BOOKMARK [2][-]{subsection.5.14.1}{\376\377\000D\000e\000t\000a\000i\000l\000e\000d\000\040\000D\000e\000s\000c\000r\000i\000p\000t\000i\000o\000n}{section.5.14}% 167
\BOOKMARK [1][-]{section.5.15}{\376\377\000h\000i\000s\000t\000o\000r\000y\000.\000c\000p\000p\000\040\000F\000i\000l\000e\000\040\000R\000e\000f\000e\000r\000e\000n\000c\000e}{chapter.5}% 168
\BOOKMARK [2][-]{subsection.5.15.1}{\376\377\000D\000e\000t\000a\000i\000l\000e\000d\000\040\000D\000e\000s\000c\000r\000i\000p\000t\000i\000o\000n}{section.5.15}% 169
\BOOKMARK [1][-]{section.5.16}{\376\377\000h\000o\000m\000e\000.\000c\000p\000p\000\040\000F\000i\000l\000e\000\040\000R\000e\000f\000e\000r\000e\000n\000c\000e}{chapter.5}% 170
\BOOKMARK [2][-]{subsection.5.16.1}{\376\377\000D\000e\000t\000a\000i\000l\000e\000d\000\040\000D\000e\000s\000c\000r\000i\000p\000t\000i\000o\000n}{section.5.16}% 171
\BOOKMARK [1][-]{section.5.17}{\376\377\000h\000o\000o\000k\000.\000c\000p\000p\000\040\000F\000i\000l\000e\000\040\000R\000e\000f\000e\000r\000e\000n\000c\000e}{chapter.5}% 172
\BOOKMARK [2][-]{subsection.5.17.1}{\376\377\000D\000e\000t\000a\000i\000l\000e\000d\000\040\000D\000e\000s\000c\000r\000i\000p\000t\000i\000o\000n}{section.5.17}% 173
\BOOKMARK [1][-]{section.5.18}{\376\377\000h\000u\000I\000t\000e\000m\000.\000c\000p\000p\000\040\000F\000i\000l\000e\000\040\000R\000e\000f\000e\000r\000e\000n\000c\000e}{chapter.5}% 174
\BOOKMARK [2][-]{subsection.5.18.1}{\376\377\000D\000e\000t\000a\000i\000l\000e\000d\000\040\000D\000e\000s\000c\000r\000i\000p\000t\000i\000o\000n}{section.5.18}% 175
\BOOKMARK [1][-]{section.5.19}{\376\377\000s\000c\000o\000r\000e\000s\000.\000c\000p\000p\000\040\000F\000i\000l\000e\000\040\000R\000e\000f\000e\000r\000e\000n\000c\000e}{chapter.5}% 176
\BOOKMARK [2][-]{subsection.5.19.1}{\376\377\000D\000e\000t\000a\000i\000l\000e\000d\000\040\000D\000e\000s\000c\000r\000i\000p\000t\000i\000o\000n}{section.5.19}% 177
\BOOKMARK [1][-]{section.5.20}{\376\377\000s\000i\000g\000n\000i\000n\000.\000c\000p\000p\000\040\000F\000i\000l\000e\000\040\000R\000e\000f\000e\000r\000e\000n\000c\000e}{chapter.5}% 178
\BOOKMARK [2][-]{subsection.5.20.1}{\376\377\000D\000e\000t\000a\000i\000l\000e\000d\000\040\000D\000e\000s\000c\000r\000i\000p\000t\000i\000o\000n}{section.5.20}% 179
\BOOKMARK [1][-]{section.5.21}{\376\377\000s\000i\000g\000n\000u\000p\000.\000c\000p\000p\000\040\000F\000i\000l\000e\000\040\000R\000e\000f\000e\000r\000e\000n\000c\000e}{chapter.5}% 180
\BOOKMARK [2][-]{subsection.5.21.1}{\376\377\000D\000e\000t\000a\000i\000l\000e\000d\000\040\000D\000e\000s\000c\000r\000i\000p\000t\000i\000o\000n}{section.5.21}% 181
\BOOKMARK [1][-]{section.5.22}{\376\377\000s\000p\000o\000n\000g\000e\000B\000o\000b\000.\000c\000p\000p\000\040\000F\000i\000l\000e\000\040\000R\000e\000f\000e\000r\000e\000n\000c\000e}{chapter.5}% 182
\BOOKMARK [2][-]{subsection.5.22.1}{\376\377\000D\000e\000t\000a\000i\000l\000e\000d\000\040\000D\000e\000s\000c\000r\000i\000p\000t\000i\000o\000n}{section.5.22}% 183
\BOOKMARK [2][-]{subsection.5.22.2}{\376\377\000V\000a\000r\000i\000a\000b\000l\000e\000\040\000D\000o\000c\000u\000m\000e\000n\000t\000a\000t\000i\000o\000n}{section.5.22}% 184
\BOOKMARK [3][-]{subsubsection.5.22.2.1}{\376\377\000p\000r\000e\000s\000s\000e\000d\000K\000e\000y\000s}{subsection.5.22.2}% 185
\BOOKMARK [1][-]{section.5.23}{\376\377\000v\000i\000r\000u\000s\000.\000c\000p\000p\000\040\000F\000i\000l\000e\000\040\000R\000e\000f\000e\000r\000e\000n\000c\000e}{chapter.5}% 186
\BOOKMARK [2][-]{subsection.5.23.1}{\376\377\000D\000e\000t\000a\000i\000l\000e\000d\000\040\000D\000e\000s\000c\000r\000i\000p\000t\000i\000o\000n}{section.5.23}% 187
\BOOKMARK [1][-]{section.5.24}{\376\377\000w\000e\000a\000p\000o\000n\000.\000c\000p\000p\000\040\000F\000i\000l\000e\000\040\000R\000e\000f\000e\000r\000e\000n\000c\000e}{chapter.5}% 188
\BOOKMARK [2][-]{subsection.5.24.1}{\376\377\000D\000e\000t\000a\000i\000l\000e\000d\000\040\000D\000e\000s\000c\000r\000i\000p\000t\000i\000o\000n}{section.5.24}% 189
\BOOKMARK [1][-]{section.5.25}{\376\377\000w\000e\000l\000c\000o\000m\000e\000.\000c\000p\000p\000\040\000F\000i\000l\000e\000\040\000R\000e\000f\000e\000r\000e\000n\000c\000e}{chapter.5}% 190
\BOOKMARK [2][-]{subsection.5.25.1}{\376\377\000D\000e\000t\000a\000i\000l\000e\000d\000\040\000D\000e\000s\000c\000r\000i\000p\000t\000i\000o\000n}{section.5.25}% 191
